<?xml version="1.0" encoding="UTF-8"?>
<!-- Generated by org.testng.reporters.JUnitReportReporter -->
<testsuite skipped="0" hostname="DESKTOP-SN7B2MS" name="Testcases.Loginapplication" tests="1" failures="0" timestamp="2020-05-31T07:36:44 IST" time="30.151" errors="0">
  <testcase name="login" time="30.151" classname="Testcases.Loginapplication"/>
  <system-out/>
</testsuite> <!-- Testcases.Loginapplication -->
